#-----------------------------------------------------------
# Vivado v2025.1 (64-bit)
# SW Build 6140274 on Thu May 22 00:12:29 MDT 2025
# IP Build 6138677 on Thu May 22 03:10:11 MDT 2025
# SharedData Build 6139179 on Tue May 20 17:58:58 MDT 2025
# Start of session at: Fri Oct 24 15:49:36 2025
# Process ID         : 2172
# Current directory  : D:/Ð? án/Ð? án thi?t k? lu?n lý/uart-to-usb-v2-main
# Command line       : vivado.exe -mode batch -source deploy.tcl
# Log file           : D:/Ð? án/Ð? án thi?t k? lu?n lý/uart-to-usb-v2-main/vivado.log
# Journal file       : D:/Ð? án/Ð? án thi?t k? lu?n lý/uart-to-usb-v2-main\vivado.jou
# Running On         : PcCuaLQ
# Platform           : Windows Server 2016 or Windows 10
# Operating System   : 19045
# Processor Detail   : Intel(R) Xeon(R) E-2286M  CPU @ 2.40GHz
# CPU Frequency      : 2400 MHz
# CPU Physical cores : 8
# CPU Logical cores  : 16
# Host memory        : 34156 MB
# Swap memory        : 5100 MB
# Total Virtual      : 39256 MB
# Available Virtual  : 24555 MB
#-----------------------------------------------------------
source deploy.tcl
couldn't read file "deploy.tcl": no such file or directory
INFO: [Common 17-206] Exiting Vivado at Fri Oct 24 15:49:39 2025...
